0 info it worked if it ends with ok
1 verbose cli [ 'node', '/usr/local/bin/npm', 'install', 'ejs', '-g' ]
2 info using npm@1.4.28
3 info using node@v0.10.33
4 verbose cache add [ 'ejs', null ]
5 verbose cache add name=undefined spec="ejs" args=["ejs",null]
6 verbose parsed url { protocol: null,
6 verbose parsed url   slashes: null,
6 verbose parsed url   auth: null,
6 verbose parsed url   host: null,
6 verbose parsed url   port: null,
6 verbose parsed url   hostname: null,
6 verbose parsed url   hash: null,
6 verbose parsed url   search: null,
6 verbose parsed url   query: null,
6 verbose parsed url   pathname: 'ejs',
6 verbose parsed url   path: 'ejs',
6 verbose parsed url   href: 'ejs' }
7 silly lockFile 75eeca8f-ejs ejs
8 verbose lock ejs /Users/sosubramanian/.npm/75eeca8f-ejs.lock
9 silly lockFile 75eeca8f-ejs ejs
10 silly lockFile 75eeca8f-ejs ejs
11 verbose addNamed [ 'ejs', '' ]
12 verbose addNamed [ null, '*' ]
13 silly lockFile bcdf6e5f-ejs ejs@
14 verbose lock ejs@ /Users/sosubramanian/.npm/bcdf6e5f-ejs.lock
15 silly addNameRange { name: 'ejs', range: '*', hasData: false }
16 verbose request where is /ejs
17 verbose request registry https://registry.npmjs.org/
18 verbose request id be0b1fb4a8855c0a
19 verbose url raw /ejs
20 verbose url resolving [ 'https://registry.npmjs.org/', './ejs' ]
21 verbose url resolved https://registry.npmjs.org/ejs
22 verbose request where is https://registry.npmjs.org/ejs
23 info trying registry request attempt 1 at 16:32:27
24 http GET https://registry.npmjs.org/ejs
25 http 200 https://registry.npmjs.org/ejs
26 silly registry.get cb [ 200,
26 silly registry.get   { date: 'Fri, 30 Jan 2015 21:32:27 GMT',
26 silly registry.get     server: 'CouchDB/1.5.0 (Erlang OTP/R16B03)',
26 silly registry.get     etag: '"57ZKENTXHXHN799OI0KROJ1P7"',
26 silly registry.get     'content-type': 'application/json',
26 silly registry.get     'cache-control': 'max-age=60',
26 silly registry.get     'content-length': '41935',
26 silly registry.get     'accept-ranges': 'bytes',
26 silly registry.get     via: '1.1 varnish',
26 silly registry.get     age: '0',
26 silly registry.get     'x-served-by': 'cache-dfw1826-DFW',
26 silly registry.get     'x-cache': 'HIT',
26 silly registry.get     'x-cache-hits': '1',
26 silly registry.get     'x-timer': 'S1422653547.649767,VS0,VE47',
26 silly registry.get     vary: 'Accept',
26 silly registry.get     'keep-alive': 'timeout=10, max=50',
26 silly registry.get     connection: 'Keep-Alive' } ]
27 silly addNameRange number 2 { name: 'ejs', range: '*', hasData: true }
28 silly addNameRange versions [ 'ejs',
28 silly addNameRange   [ '0.0.1',
28 silly addNameRange     '0.0.2',
28 silly addNameRange     '0.0.3',
28 silly addNameRange     '0.0.4',
28 silly addNameRange     '0.1.0',
28 silly addNameRange     '0.2.0',
28 silly addNameRange     '0.2.1',
28 silly addNameRange     '0.3.0',
28 silly addNameRange     '0.3.1',
28 silly addNameRange     '0.4.0',
28 silly addNameRange     '0.4.1',
28 silly addNameRange     '0.4.2',
28 silly addNameRange     '0.4.3',
28 silly addNameRange     '0.5.0',
28 silly addNameRange     '0.6.0',
28 silly addNameRange     '0.6.1',
28 silly addNameRange     '0.7.0',
28 silly addNameRange     '0.7.1',
28 silly addNameRange     '0.7.2',
28 silly addNameRange     '0.8.0',
28 silly addNameRange     '0.8.1',
28 silly addNameRange     '0.8.2',
28 silly addNameRange     '0.8.3',
28 silly addNameRange     '0.8.4',
28 silly addNameRange     '0.8.5',
28 silly addNameRange     '0.8.6',
28 silly addNameRange     '0.8.8',
28 silly addNameRange     '1.0.0',
28 silly addNameRange     '2.0.2',
28 silly addNameRange     '2.0.3',
28 silly addNameRange     '2.0.4',
28 silly addNameRange     '2.0.5',
28 silly addNameRange     '2.0.6',
28 silly addNameRange     '2.0.7',
28 silly addNameRange     '2.0.8',
28 silly addNameRange     '2.1.1',
28 silly addNameRange     '2.1.2',
28 silly addNameRange     '2.1.3',
28 silly addNameRange     '2.1.4',
28 silly addNameRange     '2.2.1',
28 silly addNameRange     '2.2.2',
28 silly addNameRange     '2.2.3' ] ]
29 verbose addNamed [ 'ejs', '2.2.3' ]
30 verbose addNamed [ '2.2.3', '2.2.3' ]
31 silly lockFile 7333c456-ejs-2-2-3 ejs@2.2.3
32 verbose lock ejs@2.2.3 /Users/sosubramanian/.npm/7333c456-ejs-2-2-3.lock
33 silly lockFile a8e2d980-stry-npmjs-org-ejs-ejs-2-2-3-tgz https://registry.npmjs.org/ejs/-/ejs-2.2.3.tgz
34 verbose lock https://registry.npmjs.org/ejs/-/ejs-2.2.3.tgz /Users/sosubramanian/.npm/a8e2d980-stry-npmjs-org-ejs-ejs-2-2-3-tgz.lock
35 verbose addRemoteTarball [ 'https://registry.npmjs.org/ejs/-/ejs-2.2.3.tgz',
35 verbose addRemoteTarball   '8d78070eeb2689d94de660279bb9898de9df1ba0' ]
36 info retry fetch attempt 1 at 16:32:27
37 verbose fetch to= /var/folders/2m/19fz748d02gb07kb3m09qbkw3910b4/T/npm-87778-xFP_KmXW/registry.npmjs.org/ejs/-/ejs-2.2.3.tgz
38 http GET https://registry.npmjs.org/ejs/-/ejs-2.2.3.tgz
39 http 200 https://registry.npmjs.org/ejs/-/ejs-2.2.3.tgz
40 silly lockFile a8e2d980-stry-npmjs-org-ejs-ejs-2-2-3-tgz https://registry.npmjs.org/ejs/-/ejs-2.2.3.tgz
41 silly lockFile a8e2d980-stry-npmjs-org-ejs-ejs-2-2-3-tgz https://registry.npmjs.org/ejs/-/ejs-2.2.3.tgz
42 silly lockFile 7333c456-ejs-2-2-3 ejs@2.2.3
43 silly lockFile 7333c456-ejs-2-2-3 ejs@2.2.3
44 silly lockFile bcdf6e5f-ejs ejs@
45 silly lockFile bcdf6e5f-ejs ejs@
46 silly resolved [ { name: 'ejs',
46 silly resolved     description: 'Embedded JavaScript templates',
46 silly resolved     keywords: [ 'template', 'engine', 'ejs' ],
46 silly resolved     version: '2.2.3',
46 silly resolved     author:
46 silly resolved      { name: 'Matthew Eernisse',
46 silly resolved        email: 'mde@fleegix.org',
46 silly resolved        url: 'http://fleegix.org' },
46 silly resolved     contributors: [ [Object] ],
46 silly resolved     license: 'Apache-2.0',
46 silly resolved     main: './lib/ejs.js',
46 silly resolved     repository: { type: 'git', url: 'git://github.com/mde/ejs.git' },
46 silly resolved     bugs: { url: 'https://github.com/mde/ejs/issues' },
46 silly resolved     homepage: 'https://github.com/mde/ejs',
46 silly resolved     dependencies: {},
46 silly resolved     devDependencies:
46 silly resolved      { browserify: '^8.0.3',
46 silly resolved        'uglify-js': '^2.4.16',
46 silly resolved        mocha: '^2.1.0',
46 silly resolved        jake: '^8.0.0',
46 silly resolved        istanbul: '~0.3.5' },
46 silly resolved     engines: { node: '>=0.10.0' },
46 silly resolved     scripts:
46 silly resolved      { test: 'mocha',
46 silly resolved        coverage: 'istanbul cover node_modules/mocha/bin/_mocha' },
46 silly resolved     _id: 'ejs@2.2.3',
46 silly resolved     _shasum: '8d78070eeb2689d94de660279bb9898de9df1ba0',
46 silly resolved     _resolved: 'https://registry.npmjs.org/ejs/-/ejs-2.2.3.tgz',
46 silly resolved     _from: 'ejs@',
46 silly resolved     _npmVersion: '2.1.18',
46 silly resolved     _nodeVersion: '0.10.35',
46 silly resolved     _npmUser: { name: 'mde', email: 'mde@fleegix.org' },
46 silly resolved     maintainers: [ [Object], [Object] ],
46 silly resolved     dist:
46 silly resolved      { shasum: '8d78070eeb2689d94de660279bb9898de9df1ba0',
46 silly resolved        tarball: 'http://registry.npmjs.org/ejs/-/ejs-2.2.3.tgz' },
46 silly resolved     directories: {} } ]
47 info install ejs@2.2.3 into /usr/local/lib
48 info installOne ejs@2.2.3
49 verbose lib/node_modules/ejs unbuild
50 verbose tar unpack /Users/sosubramanian/.npm/ejs/2.2.3/package.tgz
51 silly lockFile 6dc832ea-r-usr-local-lib-node-modules-ejs tar:///usr/local/lib/node_modules/ejs
52 verbose lock tar:///usr/local/lib/node_modules/ejs /Users/sosubramanian/.npm/6dc832ea-r-usr-local-lib-node-modules-ejs.lock
53 silly lockFile d69efe61-manian-npm-ejs-2-2-3-package-tgz tar:///Users/sosubramanian/.npm/ejs/2.2.3/package.tgz
54 verbose lock tar:///Users/sosubramanian/.npm/ejs/2.2.3/package.tgz /Users/sosubramanian/.npm/d69efe61-manian-npm-ejs-2-2-3-package-tgz.lock
55 silly gunzTarPerm modes [ '755', '644' ]
56 error Error: EACCES, mkdir '/usr/local/lib/node_modules/ejs'
56 error  { [Error: EACCES, mkdir '/usr/local/lib/node_modules/ejs']
56 error   errno: 3,
56 error   code: 'EACCES',
56 error   path: '/usr/local/lib/node_modules/ejs',
56 error   fstream_type: 'Directory',
56 error   fstream_path: '/usr/local/lib/node_modules/ejs',
56 error   fstream_class: 'DirWriter',
56 error   fstream_stack:
56 error    [ '/usr/local/lib/node_modules/npm/node_modules/fstream/lib/dir-writer.js:36:23',
56 error      '/usr/local/lib/node_modules/npm/node_modules/mkdirp/index.js:46:53',
56 error      'Object.oncomplete (fs.js:107:15)' ] }
57 error Please try running this command again as root/Administrator.
58 error System Darwin 14.1.0
59 error command "node" "/usr/local/bin/npm" "install" "ejs" "-g"
60 error cwd /Users/sosubramanian/xlsx-parse-compare
61 error node -v v0.10.33
62 error npm -v 1.4.28
63 error path /usr/local/lib/node_modules/ejs
64 error fstream_path /usr/local/lib/node_modules/ejs
65 error fstream_type Directory
66 error fstream_class DirWriter
67 error code EACCES
68 error errno 3
69 error stack Error: EACCES, mkdir '/usr/local/lib/node_modules/ejs'
70 error fstream_stack /usr/local/lib/node_modules/npm/node_modules/fstream/lib/dir-writer.js:36:23
70 error fstream_stack /usr/local/lib/node_modules/npm/node_modules/mkdirp/index.js:46:53
70 error fstream_stack Object.oncomplete (fs.js:107:15)
71 verbose exit [ 3, true ]
